Flow report for cs303-Lab-1
Thu Aug 29 12:31:21 2024
Quartus Prime Version 18.1.0 Build 625 09/12/2018 SJ Lite Edition


---------------------
; Table of Contents ;
---------------------
  1. Legal Notice
  2. Flow Summary
  3. Flow Settings
  4. Flow Non-Default Global Settings
  5. Flow Elapsed Time
  6. Flow OS Summary
  7. Flow Log
  8. Flow Messages
  9. Flow Suppressed Messages



----------------
; Legal Notice ;
----------------
Copyright (C) 2018  Intel Corporation. All rights reserved.
Your use of Intel Corporation's design tools, logic functions 
and other software and tools, and its AMPP partner logic 
functions, and any output files from any of the foregoing 
(including device programming or simulation files), and any 
associated documentation or information are expressly subject 
to the terms and conditions of the Intel Program License 
Subscription Agreement, the Intel Quartus Prime License Agreement,
the Intel FPGA IP License Agreement, or other applicable license
agreement, including, without limitation, that your use is for
the sole purpose of programming logic devices manufactured by
Intel and sold by Intel or its authorized distributors.  Please
refer to the applicable agreement for further details.



+----------------------------------------------------------------------------------+
; Flow Summary                                                                     ;
+------------------------------------+---------------------------------------------+
; Flow Status                        ; Successful - Thu Aug 29 12:31:08 2024       ;
; Quartus Prime Version              ; 18.1.0 Build 625 09/12/2018 SJ Lite Edition ;
; Revision Name                      ; cs303-Lab-1                                 ;
; Top-level Entity Name              ; cs303-Lab-1                                 ;
; Family                             ; Cyclone IV E                                ;
; Device                             ; EP4CE115F29C7                               ;
; Timing Models                      ; Final                                       ;
; Total logic elements               ; 5,081 / 114,480 ( 4 % )                     ;
;     Total combinational functions  ; 4,458 / 114,480 ( 4 % )                     ;
;     Dedicated logic registers      ; 3,179 / 114,480 ( 3 % )                     ;
; Total registers                    ; 3247                                        ;
; Total pins                         ; 103 / 529 ( 19 % )                          ;
; Total virtual pins                 ; 0                                           ;
; Total memory bits                  ; 310,656 / 3,981,312 ( 8 % )                 ;
; Embedded Multiplier 9-bit elements ; 6 / 532 ( 1 % )                             ;
; Total PLLs                         ; 1 / 4 ( 25 % )                              ;
+------------------------------------+---------------------------------------------+


+-----------------------------------------+
; Flow Settings                           ;
+-------------------+---------------------+
; Option            ; Setting             ;
+-------------------+---------------------+
; Start date & time ; 08/29/2024 12:26:42 ;
; Main task         ; Compilation         ;
; Revision Name     ; cs303-Lab-1         ;
+-------------------+---------------------+


+--------------------------------------------------------------------------------------------------------------------------------------------------+
; Flow Non-Default Global Settings                                                                                                                 ;
+-------------------------------------+----------------------------------------------------------------+---------------+--------------+------------+
; Assignment Name                     ; Value                                                          ; Default Value ; Entity Name  ; Section Id ;
+-------------------------------------+----------------------------------------------------------------+---------------+--------------+------------+
; COMPILER_SIGNATURE_ID               ; 193569095432136.172489120217868                                ; --            ; --           ; --         ;
; MAX_CORE_JUNCTION_TEMP              ; 85                                                             ; --            ; --           ; --         ;
; MIN_CORE_JUNCTION_TEMP              ; 0                                                              ; --            ; --           ; --         ;
; MISC_FILE                           ; nios2_system/synthesis/../nios2_system.cmp                     ; --            ; --           ; --         ;
; MISC_FILE                           ; nios2_system/synthesis/../../nios2_system.qsys                 ; --            ; --           ; --         ;
; NOMINAL_CORE_SUPPLY_VOLTAGE         ; 1.2V                                                           ; --            ; --           ; --         ;
; PARTITION_COLOR                     ; -- (Not supported for targeted family)                         ; --            ; --           ; Top        ;
; PARTITION_FITTER_PRESERVATION_LEVEL ; -- (Not supported for targeted family)                         ; --            ; --           ; Top        ;
; PARTITION_NETLIST_TYPE              ; -- (Not supported for targeted family)                         ; --            ; --           ; Top        ;
; POWER_BOARD_THERMAL_MODEL           ; None (CONSERVATIVE)                                            ; --            ; --           ; --         ;
; POWER_PRESET_COOLING_SOLUTION       ; 23 MM HEAT SINK WITH 200 LFPM AIRFLOW                          ; --            ; --           ; --         ;
; PROJECT_OUTPUT_DIRECTORY            ; output_files                                                   ; --            ; --           ; --         ;
; SLD_FILE                            ; nios2_system/synthesis/nios2_system.regmap                     ; --            ; --           ; --         ;
; SLD_FILE                            ; nios2_system/synthesis/nios2_system.debuginfo                  ; --            ; --           ; --         ;
; SLD_INFO                            ; QSYS_NAME nios2_system HAS_SOPCINFO 1 GENERATION_ID 1722480090 ; --            ; nios2_system ; --         ;
; SOPCINFO_FILE                       ; nios2_system/synthesis/../../nios2_system.sopcinfo             ; --            ; --           ; --         ;
; SYNTHESIS_ONLY_QIP                  ; On                                                             ; --            ; --           ; --         ;
+-------------------------------------+----------------------------------------------------------------+---------------+--------------+------------+


+--------------------------------------------------------------------------------------------------------------------------+
; Flow Elapsed Time                                                                                                        ;
+----------------------+--------------+-------------------------+---------------------+------------------------------------+
; Module Name          ; Elapsed Time ; Average Processors Used ; Peak Virtual Memory ; Total CPU Time (on all processors) ;
+----------------------+--------------+-------------------------+---------------------+------------------------------------+
; Analysis & Synthesis ; 00:02:31     ; 1.0                     ; 4988 MB             ; 00:02:25                           ;
; Fitter               ; 00:01:22     ; 1.0                     ; 5774 MB             ; 00:01:17                           ;
; Assembler            ; 00:00:12     ; 1.0                     ; 4718 MB             ; 00:00:11                           ;
; Timing Analyzer      ; 00:00:11     ; 1.2                     ; 4919 MB             ; 00:00:09                           ;
; Total                ; 00:04:16     ; --                      ; --                  ; 00:04:02                           ;
+----------------------+--------------+-------------------------+---------------------+------------------------------------+


+------------------------------------------------------------------------------------+
; Flow OS Summary                                                                    ;
+----------------------+------------------+------------+------------+----------------+
; Module Name          ; Machine Hostname ; OS Name    ; OS Version ; Processor type ;
+----------------------+------------------+------------+------------+----------------+
; Analysis & Synthesis ; DESKTOP-1TB0UAS  ; Windows 10 ; 10.0       ; x86_64         ;
; Fitter               ; DESKTOP-1TB0UAS  ; Windows 10 ; 10.0       ; x86_64         ;
; Assembler            ; DESKTOP-1TB0UAS  ; Windows 10 ; 10.0       ; x86_64         ;
; Timing Analyzer      ; DESKTOP-1TB0UAS  ; Windows 10 ; 10.0       ; x86_64         ;
+----------------------+------------------+------------+------------+----------------+


------------
; Flow Log ;
------------
quartus_map --read_settings_files=on --write_settings_files=off cs303-Lab-1 -c cs303-Lab-1
quartus_fit --read_settings_files=off --write_settings_files=off cs303-Lab-1 -c cs303-Lab-1
quartus_asm --read_settings_files=off --write_settings_files=off cs303-Lab-1 -c cs303-Lab-1
quartus_sta cs303-Lab-1 -c cs303-Lab-1



